2023-05-16 13:36:54 startup archives unpack
2023-05-16 13:36:56 install perl-modules-5.32:all <none> 5.32.1-4+deb11u2
2023-05-16 13:36:56 status half-installed perl-modules-5.32:all 5.32.1-4+deb11u2
2023-05-16 13:36:58 status unpacked perl-modules-5.32:all 5.32.1-4+deb11u2
2023-05-16 13:37:00 install libgdbm6:arm64 <none> 1.19-2
2023-05-16 13:37:00 status triggers-pending libc-bin:arm64 2.31-13+deb11u6
2023-05-16 13:37:00 status half-installed libgdbm6:arm64 1.19-2
2023-05-16 13:37:00 status unpacked libgdbm6:arm64 1.19-2
2023-05-16 13:37:01 install libgdbm-compat4:arm64 <none> 1.19-2
2023-05-16 13:37:01 status half-installed libgdbm-compat4:arm64 1.19-2
2023-05-16 13:37:04 status unpacked libgdbm-compat4:arm64 1.19-2
2023-05-16 13:37:09 install libperl5.32:arm64 <none> 5.32.1-4+deb11u2
2023-05-16 13:37:09 status half-installed libperl5.32:arm64 5.32.1-4+deb11u2
2023-05-16 13:37:29 status unpacked libperl5.32:arm64 5.32.1-4+deb11u2
2023-05-16 13:37:30 install perl:arm64 <none> 5.32.1-4+deb11u2
2023-05-16 13:37:30 status half-installed perl:arm64 5.32.1-4+deb11u2
2023-05-16 13:37:30 status unpacked perl:arm64 5.32.1-4+deb11u2
2023-05-16 13:37:31 install readline-common:all <none> 8.1-1
2023-05-16 13:37:31 status half-installed readline-common:all 8.1-1
2023-05-16 13:37:34 status unpacked readline-common:all 8.1-1
2023-05-16 13:37:43 install libreadline8:arm64 <none> 8.1-1
2023-05-16 13:37:43 status half-installed libreadline8:arm64 8.1-1
2023-05-16 13:37:54 status unpacked libreadline8:arm64 8.1-1
2023-05-16 13:37:55 install libncurses6:arm64 <none> 6.2+20201114-2+deb11u1
2023-05-16 13:37:55 status half-installed libncurses6:arm64 6.2+20201114-2+deb11u1
2023-05-16 13:37:55 status unpacked libncurses6:arm64 6.2+20201114-2+deb11u1
2023-05-16 13:37:56 install libncursesw6:arm64 <none> 6.2+20201114-2+deb11u1
2023-05-16 13:37:56 status half-installed libncursesw6:arm64 6.2+20201114-2+deb11u1
2023-05-16 13:38:02 status unpacked libncursesw6:arm64 6.2+20201114-2+deb11u1
2023-05-16 13:38:19 install libprocps8:arm64 <none> 2:3.3.17-5
2023-05-16 13:38:19 status half-installed libprocps8:arm64 2:3.3.17-5
2023-05-16 13:38:19 status unpacked libprocps8:arm64 2:3.3.17-5
2023-05-16 13:38:19 install procps:arm64 <none> 2:3.3.17-5
2023-05-16 13:38:19 status half-installed procps:arm64 2:3.3.17-5
2023-05-16 13:38:23 status unpacked procps:arm64 2:3.3.17-5
2023-05-16 13:38:23 install sensible-utils:all <none> 0.0.14
2023-05-16 13:38:23 status half-installed sensible-utils:all 0.0.14
2023-05-16 13:38:24 status unpacked sensible-utils:all 0.0.14
2023-05-16 13:38:24 install openssl:arm64 <none> 1.1.1n-0+deb11u4
2023-05-16 13:38:24 status half-installed openssl:arm64 1.1.1n-0+deb11u4
2023-05-16 13:38:25 status unpacked openssl:arm64 1.1.1n-0+deb11u4
2023-05-16 13:38:26 install ca-certificates:all <none> 20210119
2023-05-16 13:38:26 status half-installed ca-certificates:all 20210119
2023-05-16 13:38:28 status unpacked ca-certificates:all 20210119
2023-05-16 13:38:28 install libmd0:arm64 <none> 1.0.3-3
2023-05-16 13:38:28 status half-installed libmd0:arm64 1.0.3-3
2023-05-16 13:38:29 status unpacked libmd0:arm64 1.0.3-3
2023-05-16 13:38:29 install libbsd0:arm64 <none> 0.11.3-1
2023-05-16 13:38:29 status half-installed libbsd0:arm64 0.11.3-1
2023-05-16 13:38:31 status unpacked libbsd0:arm64 0.11.3-1
2023-05-16 13:38:31 install libedit2:arm64 <none> 3.1-20191231-2+b1
2023-05-16 13:38:31 status half-installed libedit2:arm64 3.1-20191231-2+b1
2023-05-16 13:38:32 status unpacked libedit2:arm64 3.1-20191231-2+b1
2023-05-16 13:38:32 install libcbor0:arm64 <none> 0.5.0+dfsg-2
2023-05-16 13:38:32 status half-installed libcbor0:arm64 0.5.0+dfsg-2
2023-05-16 13:38:33 status unpacked libcbor0:arm64 0.5.0+dfsg-2
2023-05-16 13:38:33 install libfido2-1:arm64 <none> 1.6.0-2
2023-05-16 13:38:33 status half-installed libfido2-1:arm64 1.6.0-2
2023-05-16 13:38:34 status unpacked libfido2-1:arm64 1.6.0-2
2023-05-16 13:38:36 install openssh-client:arm64 <none> 1:8.4p1-5+deb11u1
2023-05-16 13:38:36 status half-installed openssh-client:arm64 1:8.4p1-5+deb11u1
2023-05-16 13:38:37 status unpacked openssh-client:arm64 1:8.4p1-5+deb11u1
2023-05-16 13:38:39 install ucf:all <none> 3.0043
2023-05-16 13:38:39 status half-installed ucf:all 3.0043
2023-05-16 13:38:40 status unpacked ucf:all 3.0043
2023-05-16 13:38:40 install libbrotli1:arm64 <none> 1.0.9-2+b2
2023-05-16 13:38:40 status half-installed libbrotli1:arm64 1.0.9-2+b2
2023-05-16 13:38:41 status unpacked libbrotli1:arm64 1.0.9-2+b2
2023-05-16 13:38:42 install libsasl2-modules-db:arm64 <none> 2.1.27+dfsg-2.1+deb11u1
2023-05-16 13:38:42 status half-installed libsasl2-modules-db:arm64 2.1.27+dfsg-2.1+deb11u1
2023-05-16 13:38:42 status unpacked libsasl2-modules-db:arm64 2.1.27+dfsg-2.1+deb11u1
2023-05-16 13:38:44 install libsasl2-2:arm64 <none> 2.1.27+dfsg-2.1+deb11u1
2023-05-16 13:38:44 status half-installed libsasl2-2:arm64 2.1.27+dfsg-2.1+deb11u1
2023-05-16 13:38:44 status unpacked libsasl2-2:arm64 2.1.27+dfsg-2.1+deb11u1
2023-05-16 13:38:45 install libldap-2.4-2:arm64 <none> 2.4.57+dfsg-3+deb11u1
2023-05-16 13:38:45 status half-installed libldap-2.4-2:arm64 2.4.57+dfsg-3+deb11u1
2023-05-16 13:38:46 status unpacked libldap-2.4-2:arm64 2.4.57+dfsg-3+deb11u1
2023-05-16 13:38:46 install libnghttp2-14:arm64 <none> 1.43.0-1
2023-05-16 13:38:46 status half-installed libnghttp2-14:arm64 1.43.0-1
2023-05-16 13:38:47 status unpacked libnghttp2-14:arm64 1.43.0-1
2023-05-16 13:38:47 install libpsl5:arm64 <none> 0.21.0-1.2
2023-05-16 13:38:47 status half-installed libpsl5:arm64 0.21.0-1.2
2023-05-16 13:38:48 status unpacked libpsl5:arm64 0.21.0-1.2
2023-05-16 13:38:49 install librtmp1:arm64 <none> 2.4+20151223.gitfa8646d.1-2+b2
2023-05-16 13:38:49 status half-installed librtmp1:arm64 2.4+20151223.gitfa8646d.1-2+b2
2023-05-16 13:38:49 status unpacked librtmp1:arm64 2.4+20151223.gitfa8646d.1-2+b2
2023-05-16 13:38:49 install libssh2-1:arm64 <none> 1.9.0-2
2023-05-16 13:38:49 status half-installed libssh2-1:arm64 1.9.0-2
2023-05-16 13:38:50 status unpacked libssh2-1:arm64 1.9.0-2
2023-05-16 13:38:52 install libcurl4:arm64 <none> 7.74.0-1.3+deb11u7
2023-05-16 13:38:52 status half-installed libcurl4:arm64 7.74.0-1.3+deb11u7
2023-05-16 13:38:52 status unpacked libcurl4:arm64 7.74.0-1.3+deb11u7
2023-05-16 13:38:53 install curl:arm64 <none> 7.74.0-1.3+deb11u7
2023-05-16 13:38:53 status half-installed curl:arm64 7.74.0-1.3+deb11u7
2023-05-16 13:38:54 status unpacked curl:arm64 7.74.0-1.3+deb11u7
2023-05-16 13:38:56 install libassuan0:arm64 <none> 2.5.3-7.1
2023-05-16 13:38:56 status half-installed libassuan0:arm64 2.5.3-7.1
2023-05-16 13:38:57 status unpacked libassuan0:arm64 2.5.3-7.1
2023-05-16 13:38:58 install gpgconf:arm64 <none> 2.2.27-2+deb11u2
2023-05-16 13:38:58 status half-installed gpgconf:arm64 2.2.27-2+deb11u2
2023-05-16 13:38:58 status unpacked gpgconf:arm64 2.2.27-2+deb11u2
2023-05-16 13:38:59 install libksba8:arm64 <none> 1.5.0-3+deb11u2
2023-05-16 13:38:59 status half-installed libksba8:arm64 1.5.0-3+deb11u2
2023-05-16 13:39:00 status unpacked libksba8:arm64 1.5.0-3+deb11u2
2023-05-16 13:39:01 install libnpth0:arm64 <none> 1.6-3
2023-05-16 13:39:01 status half-installed libnpth0:arm64 1.6-3
2023-05-16 13:39:02 status unpacked libnpth0:arm64 1.6-3
2023-05-16 13:39:03 install dirmngr:arm64 <none> 2.2.27-2+deb11u2
2023-05-16 13:39:03 status half-installed dirmngr:arm64 2.2.27-2+deb11u2
2023-05-16 13:39:05 status unpacked dirmngr:arm64 2.2.27-2+deb11u2
2023-05-16 13:39:06 install fonts-dejavu-core:all <none> 2.37-2
2023-05-16 13:39:06 status half-installed fonts-dejavu-core:all 2.37-2
2023-05-16 13:39:07 status unpacked fonts-dejavu-core:all 2.37-2
2023-05-16 13:39:08 install fontconfig-config:all <none> 2.13.1-4.2
2023-05-16 13:39:08 status half-installed fontconfig-config:all 2.13.1-4.2
2023-05-16 13:39:20 status unpacked fontconfig-config:all 2.13.1-4.2
2023-05-16 13:39:20 install libcurl3-gnutls:arm64 <none> 7.74.0-1.3+deb11u7
2023-05-16 13:39:20 status half-installed libcurl3-gnutls:arm64 7.74.0-1.3+deb11u7
2023-05-16 13:39:21 status unpacked libcurl3-gnutls:arm64 7.74.0-1.3+deb11u7
2023-05-16 13:39:21 install libexpat1:arm64 <none> 2.2.10-2+deb11u5
2023-05-16 13:39:21 status half-installed libexpat1:arm64 2.2.10-2+deb11u5
2023-05-16 13:39:22 status unpacked libexpat1:arm64 2.2.10-2+deb11u5
2023-05-16 13:39:23 install liberror-perl:all <none> 0.17029-1
2023-05-16 13:39:23 status half-installed liberror-perl:all 0.17029-1
2023-05-16 13:39:23 status unpacked liberror-perl:all 0.17029-1
2023-05-16 13:39:24 install git-man:all <none> 1:2.30.2-1+deb11u2
2023-05-16 13:39:24 status half-installed git-man:all 1:2.30.2-1+deb11u2
2023-05-16 13:39:24 status unpacked git-man:all 1:2.30.2-1+deb11u2
2023-05-16 13:39:27 install git:arm64 <none> 1:2.30.2-1+deb11u2
2023-05-16 13:39:27 status half-installed git:arm64 1:2.30.2-1+deb11u2
2023-05-16 13:39:34 status unpacked git:arm64 1:2.30.2-1+deb11u2
2023-05-16 13:39:35 install gnupg-l10n:all <none> 2.2.27-2+deb11u2
2023-05-16 13:39:35 status half-installed gnupg-l10n:all 2.2.27-2+deb11u2
2023-05-16 13:39:38 status unpacked gnupg-l10n:all 2.2.27-2+deb11u2
2023-05-16 13:39:40 install gnupg-utils:arm64 <none> 2.2.27-2+deb11u2
2023-05-16 13:39:40 status half-installed gnupg-utils:arm64 2.2.27-2+deb11u2
2023-05-16 13:39:41 status unpacked gnupg-utils:arm64 2.2.27-2+deb11u2
2023-05-16 13:39:41 install libsqlite3-0:arm64 <none> 3.34.1-3
2023-05-16 13:39:41 status half-installed libsqlite3-0:arm64 3.34.1-3
2023-05-16 13:39:42 status unpacked libsqlite3-0:arm64 3.34.1-3
2023-05-16 13:39:42 install gpg:arm64 <none> 2.2.27-2+deb11u2
2023-05-16 13:39:42 status half-installed gpg:arm64 2.2.27-2+deb11u2
2023-05-16 13:39:43 status unpacked gpg:arm64 2.2.27-2+deb11u2
2023-05-16 13:39:43 install pinentry-curses:arm64 <none> 1.1.0-4
2023-05-16 13:39:43 status half-installed pinentry-curses:arm64 1.1.0-4
2023-05-16 13:39:44 status unpacked pinentry-curses:arm64 1.1.0-4
2023-05-16 13:39:44 install gpg-agent:arm64 <none> 2.2.27-2+deb11u2
2023-05-16 13:39:44 status half-installed gpg-agent:arm64 2.2.27-2+deb11u2
2023-05-16 13:39:45 status unpacked gpg-agent:arm64 2.2.27-2+deb11u2
2023-05-16 13:39:47 install gpg-wks-client:arm64 <none> 2.2.27-2+deb11u2
2023-05-16 13:39:47 status half-installed gpg-wks-client:arm64 2.2.27-2+deb11u2
2023-05-16 13:39:47 status unpacked gpg-wks-client:arm64 2.2.27-2+deb11u2
2023-05-16 13:39:47 install gpg-wks-server:arm64 <none> 2.2.27-2+deb11u2
2023-05-16 13:39:47 status half-installed gpg-wks-server:arm64 2.2.27-2+deb11u2
2023-05-16 13:39:48 status unpacked gpg-wks-server:arm64 2.2.27-2+deb11u2
2023-05-16 13:39:48 install gpgsm:arm64 <none> 2.2.27-2+deb11u2
2023-05-16 13:39:48 status half-installed gpgsm:arm64 2.2.27-2+deb11u2
2023-05-16 13:39:49 status unpacked gpgsm:arm64 2.2.27-2+deb11u2
2023-05-16 13:39:49 install gnupg:all <none> 2.2.27-2+deb11u2
2023-05-16 13:39:49 status half-installed gnupg:all 2.2.27-2+deb11u2
2023-05-16 13:39:50 status unpacked gnupg:all 2.2.27-2+deb11u2
2023-05-16 13:39:50 install libpng16-16:arm64 <none> 1.6.37-3
2023-05-16 13:39:50 status half-installed libpng16-16:arm64 1.6.37-3
2023-05-16 13:39:50 status unpacked libpng16-16:arm64 1.6.37-3
2023-05-16 13:39:51 install libfreetype6:arm64 <none> 2.10.4+dfsg-1+deb11u1
2023-05-16 13:39:51 status half-installed libfreetype6:arm64 2.10.4+dfsg-1+deb11u1
2023-05-16 13:39:51 status unpacked libfreetype6:arm64 2.10.4+dfsg-1+deb11u1
2023-05-16 13:39:52 install libfontconfig1:arm64 <none> 2.13.1-4.2
2023-05-16 13:39:52 status half-installed libfontconfig1:arm64 2.13.1-4.2
2023-05-16 13:39:53 status unpacked libfontconfig1:arm64 2.13.1-4.2
2023-05-16 13:39:53 install tini:arm64 <none> 0.19.0-1
2023-05-16 13:39:53 status half-installed tini:arm64 0.19.0-1
2023-05-16 13:39:54 status unpacked tini:arm64 0.19.0-1
2023-05-16 13:39:55 install unzip:arm64 <none> 6.0-26+deb11u1
2023-05-16 13:39:55 status half-installed unzip:arm64 6.0-26+deb11u1
2023-05-16 13:39:55 status unpacked unzip:arm64 6.0-26+deb11u1
2023-05-16 13:39:56 startup packages configure
2023-05-16 13:39:56 configure libksba8:arm64 1.5.0-3+deb11u2 <none>
2023-05-16 13:39:56 status unpacked libksba8:arm64 1.5.0-3+deb11u2
2023-05-16 13:39:56 status half-configured libksba8:arm64 1.5.0-3+deb11u2
2023-05-16 13:39:56 status installed libksba8:arm64 1.5.0-3+deb11u2
2023-05-16 13:39:56 configure libexpat1:arm64 2.2.10-2+deb11u5 <none>
2023-05-16 13:39:56 status unpacked libexpat1:arm64 2.2.10-2+deb11u5
2023-05-16 13:39:56 status half-configured libexpat1:arm64 2.2.10-2+deb11u5
2023-05-16 13:39:56 status installed libexpat1:arm64 2.2.10-2+deb11u5
2023-05-16 13:39:56 configure libpsl5:arm64 0.21.0-1.2 <none>
2023-05-16 13:39:56 status unpacked libpsl5:arm64 0.21.0-1.2
2023-05-16 13:39:56 status half-configured libpsl5:arm64 0.21.0-1.2
2023-05-16 13:39:56 status installed libpsl5:arm64 0.21.0-1.2
2023-05-16 13:39:56 configure unzip:arm64 6.0-26+deb11u1 <none>
2023-05-16 13:39:56 status unpacked unzip:arm64 6.0-26+deb11u1
2023-05-16 13:39:56 status half-configured unzip:arm64 6.0-26+deb11u1
2023-05-16 13:39:56 status installed unzip:arm64 6.0-26+deb11u1
2023-05-16 13:39:56 configure perl-modules-5.32:all 5.32.1-4+deb11u2 <none>
2023-05-16 13:39:56 status unpacked perl-modules-5.32:all 5.32.1-4+deb11u2
2023-05-16 13:39:56 status half-configured perl-modules-5.32:all 5.32.1-4+deb11u2
2023-05-16 13:39:56 status installed perl-modules-5.32:all 5.32.1-4+deb11u2
2023-05-16 13:39:56 configure libbrotli1:arm64 1.0.9-2+b2 <none>
2023-05-16 13:39:56 status unpacked libbrotli1:arm64 1.0.9-2+b2
2023-05-16 13:39:56 status half-configured libbrotli1:arm64 1.0.9-2+b2
2023-05-16 13:39:56 status installed libbrotli1:arm64 1.0.9-2+b2
2023-05-16 13:39:56 configure libsqlite3-0:arm64 3.34.1-3 <none>
2023-05-16 13:39:56 status unpacked libsqlite3-0:arm64 3.34.1-3
2023-05-16 13:39:56 status half-configured libsqlite3-0:arm64 3.34.1-3
2023-05-16 13:39:56 status installed libsqlite3-0:arm64 3.34.1-3
2023-05-16 13:39:56 configure libcbor0:arm64 0.5.0+dfsg-2 <none>
2023-05-16 13:39:56 status unpacked libcbor0:arm64 0.5.0+dfsg-2
2023-05-16 13:39:56 status half-configured libcbor0:arm64 0.5.0+dfsg-2
2023-05-16 13:39:56 status installed libcbor0:arm64 0.5.0+dfsg-2
2023-05-16 13:39:56 configure libnghttp2-14:arm64 1.43.0-1 <none>
2023-05-16 13:39:56 status unpacked libnghttp2-14:arm64 1.43.0-1
2023-05-16 13:39:56 status half-configured libnghttp2-14:arm64 1.43.0-1
2023-05-16 13:39:56 status installed libnghttp2-14:arm64 1.43.0-1
2023-05-16 13:39:56 configure libnpth0:arm64 1.6-3 <none>
2023-05-16 13:39:56 status unpacked libnpth0:arm64 1.6-3
2023-05-16 13:39:56 status half-configured libnpth0:arm64 1.6-3
2023-05-16 13:39:56 status installed libnpth0:arm64 1.6-3
2023-05-16 13:39:56 configure libassuan0:arm64 2.5.3-7.1 <none>
2023-05-16 13:39:56 status unpacked libassuan0:arm64 2.5.3-7.1
2023-05-16 13:39:56 status half-configured libassuan0:arm64 2.5.3-7.1
2023-05-16 13:39:56 status installed libassuan0:arm64 2.5.3-7.1
2023-05-16 13:39:56 configure libsasl2-modules-db:arm64 2.1.27+dfsg-2.1+deb11u1 <none>
2023-05-16 13:39:56 status unpacked libsasl2-modules-db:arm64 2.1.27+dfsg-2.1+deb11u1
2023-05-16 13:39:57 status half-configured libsasl2-modules-db:arm64 2.1.27+dfsg-2.1+deb11u1
2023-05-16 13:39:57 status installed libsasl2-modules-db:arm64 2.1.27+dfsg-2.1+deb11u1
2023-05-16 13:39:57 configure gnupg-l10n:all 2.2.27-2+deb11u2 <none>
2023-05-16 13:39:57 status unpacked gnupg-l10n:all 2.2.27-2+deb11u2
2023-05-16 13:39:57 status half-configured gnupg-l10n:all 2.2.27-2+deb11u2
2023-05-16 13:39:57 status installed gnupg-l10n:all 2.2.27-2+deb11u2
2023-05-16 13:39:57 configure librtmp1:arm64 2.4+20151223.gitfa8646d.1-2+b2 <none>
2023-05-16 13:39:57 status unpacked librtmp1:arm64 2.4+20151223.gitfa8646d.1-2+b2
2023-05-16 13:39:57 status half-configured librtmp1:arm64 2.4+20151223.gitfa8646d.1-2+b2
2023-05-16 13:39:57 status installed librtmp1:arm64 2.4+20151223.gitfa8646d.1-2+b2
2023-05-16 13:39:57 configure libncurses6:arm64 6.2+20201114-2+deb11u1 <none>
2023-05-16 13:39:57 status unpacked libncurses6:arm64 6.2+20201114-2+deb11u1
2023-05-16 13:39:57 status half-configured libncurses6:arm64 6.2+20201114-2+deb11u1
2023-05-16 13:39:57 status installed libncurses6:arm64 6.2+20201114-2+deb11u1
2023-05-16 13:39:57 configure libpng16-16:arm64 1.6.37-3 <none>
2023-05-16 13:39:57 status unpacked libpng16-16:arm64 1.6.37-3
2023-05-16 13:39:57 status half-configured libpng16-16:arm64 1.6.37-3
2023-05-16 13:39:57 status installed libpng16-16:arm64 1.6.37-3
2023-05-16 13:39:57 configure tini:arm64 0.19.0-1 <none>
2023-05-16 13:39:57 status unpacked tini:arm64 0.19.0-1
2023-05-16 13:39:57 status half-configured tini:arm64 0.19.0-1
2023-05-16 13:39:57 status installed tini:arm64 0.19.0-1
2023-05-16 13:39:57 configure fonts-dejavu-core:all 2.37-2 <none>
2023-05-16 13:39:57 status unpacked fonts-dejavu-core:all 2.37-2
2023-05-16 13:39:57 status half-configured fonts-dejavu-core:all 2.37-2
2023-05-16 13:39:57 status installed fonts-dejavu-core:all 2.37-2
2023-05-16 13:39:57 configure libncursesw6:arm64 6.2+20201114-2+deb11u1 <none>
2023-05-16 13:39:57 status unpacked libncursesw6:arm64 6.2+20201114-2+deb11u1
2023-05-16 13:39:57 status half-configured libncursesw6:arm64 6.2+20201114-2+deb11u1
2023-05-16 13:39:57 status installed libncursesw6:arm64 6.2+20201114-2+deb11u1
2023-05-16 13:39:57 configure libsasl2-2:arm64 2.1.27+dfsg-2.1+deb11u1 <none>
2023-05-16 13:39:57 status unpacked libsasl2-2:arm64 2.1.27+dfsg-2.1+deb11u1
2023-05-16 13:39:57 status half-configured libsasl2-2:arm64 2.1.27+dfsg-2.1+deb11u1
2023-05-16 13:39:58 status installed libsasl2-2:arm64 2.1.27+dfsg-2.1+deb11u1
2023-05-16 13:39:58 configure libmd0:arm64 1.0.3-3 <none>
2023-05-16 13:39:58 status unpacked libmd0:arm64 1.0.3-3
2023-05-16 13:39:58 status half-configured libmd0:arm64 1.0.3-3
2023-05-16 13:39:58 status installed libmd0:arm64 1.0.3-3
2023-05-16 13:39:58 configure sensible-utils:all 0.0.14 <none>
2023-05-16 13:39:58 status unpacked sensible-utils:all 0.0.14
2023-05-16 13:39:58 status half-configured sensible-utils:all 0.0.14
2023-05-16 13:39:58 status installed sensible-utils:all 0.0.14
2023-05-16 13:39:58 configure git-man:all 1:2.30.2-1+deb11u2 <none>
2023-05-16 13:39:58 status unpacked git-man:all 1:2.30.2-1+deb11u2
2023-05-16 13:39:58 status half-configured git-man:all 1:2.30.2-1+deb11u2
2023-05-16 13:39:58 status installed git-man:all 1:2.30.2-1+deb11u2
2023-05-16 13:39:58 configure libssh2-1:arm64 1.9.0-2 <none>
2023-05-16 13:39:58 status unpacked libssh2-1:arm64 1.9.0-2
2023-05-16 13:39:58 status half-configured libssh2-1:arm64 1.9.0-2
2023-05-16 13:39:58 status installed libssh2-1:arm64 1.9.0-2
2023-05-16 13:39:58 configure libfido2-1:arm64 1.6.0-2 <none>
2023-05-16 13:39:58 status unpacked libfido2-1:arm64 1.6.0-2
2023-05-16 13:39:58 status half-configured libfido2-1:arm64 1.6.0-2
2023-05-16 13:39:58 status installed libfido2-1:arm64 1.6.0-2
2023-05-16 13:39:58 configure openssl:arm64 1.1.1n-0+deb11u4 <none>
2023-05-16 13:39:58 status unpacked openssl:arm64 1.1.1n-0+deb11u4
2023-05-16 13:39:58 status half-configured openssl:arm64 1.1.1n-0+deb11u4
2023-05-16 13:39:58 status installed openssl:arm64 1.1.1n-0+deb11u4
2023-05-16 13:39:58 configure libbsd0:arm64 0.11.3-1 <none>
2023-05-16 13:39:58 status unpacked libbsd0:arm64 0.11.3-1
2023-05-16 13:39:58 status half-configured libbsd0:arm64 0.11.3-1
2023-05-16 13:39:58 status installed libbsd0:arm64 0.11.3-1
2023-05-16 13:39:58 configure readline-common:all 8.1-1 <none>
2023-05-16 13:39:58 status unpacked readline-common:all 8.1-1
2023-05-16 13:39:58 status half-configured readline-common:all 8.1-1
2023-05-16 13:39:59 status installed readline-common:all 8.1-1
2023-05-16 13:39:59 configure libprocps8:arm64 2:3.3.17-5 <none>
2023-05-16 13:39:59 status unpacked libprocps8:arm64 2:3.3.17-5
2023-05-16 13:39:59 status half-configured libprocps8:arm64 2:3.3.17-5
2023-05-16 13:39:59 status installed libprocps8:arm64 2:3.3.17-5
2023-05-16 13:39:59 configure libgdbm6:arm64 1.19-2 <none>
2023-05-16 13:39:59 status unpacked libgdbm6:arm64 1.19-2
2023-05-16 13:39:59 status half-configured libgdbm6:arm64 1.19-2
2023-05-16 13:39:59 status installed libgdbm6:arm64 1.19-2
2023-05-16 13:39:59 configure pinentry-curses:arm64 1.1.0-4 <none>
2023-05-16 13:39:59 status unpacked pinentry-curses:arm64 1.1.0-4
2023-05-16 13:39:59 status half-configured pinentry-curses:arm64 1.1.0-4
2023-05-16 13:39:59 status installed pinentry-curses:arm64 1.1.0-4
2023-05-16 13:39:59 configure libedit2:arm64 3.1-20191231-2+b1 <none>
2023-05-16 13:39:59 status unpacked libedit2:arm64 3.1-20191231-2+b1
2023-05-16 13:39:59 status half-configured libedit2:arm64 3.1-20191231-2+b1
2023-05-16 13:39:59 status installed libedit2:arm64 3.1-20191231-2+b1
2023-05-16 13:39:59 configure libreadline8:arm64 8.1-1 <none>
2023-05-16 13:39:59 status unpacked libreadline8:arm64 8.1-1
2023-05-16 13:39:59 status half-configured libreadline8:arm64 8.1-1
2023-05-16 13:39:59 status installed libreadline8:arm64 8.1-1
2023-05-16 13:39:59 configure libldap-2.4-2:arm64 2.4.57+dfsg-3+deb11u1 <none>
2023-05-16 13:39:59 status unpacked libldap-2.4-2:arm64 2.4.57+dfsg-3+deb11u1
2023-05-16 13:39:59 status half-configured libldap-2.4-2:arm64 2.4.57+dfsg-3+deb11u1
2023-05-16 13:39:59 status installed libldap-2.4-2:arm64 2.4.57+dfsg-3+deb11u1
2023-05-16 13:39:59 configure libcurl3-gnutls:arm64 7.74.0-1.3+deb11u7 <none>
2023-05-16 13:39:59 status unpacked libcurl3-gnutls:arm64 7.74.0-1.3+deb11u7
2023-05-16 13:39:59 status half-configured libcurl3-gnutls:arm64 7.74.0-1.3+deb11u7
2023-05-16 13:39:59 status installed libcurl3-gnutls:arm64 7.74.0-1.3+deb11u7
2023-05-16 13:39:59 configure ca-certificates:all 20210119 <none>
2023-05-16 13:39:59 status unpacked ca-certificates:all 20210119
2023-05-16 13:39:59 status half-configured ca-certificates:all 20210119
2023-05-16 13:41:06 status installed ca-certificates:all 20210119
2023-05-16 13:41:06 status triggers-pending ca-certificates:all 20210119
2023-05-16 13:41:06 configure libfreetype6:arm64 2.10.4+dfsg-1+deb11u1 <none>
2023-05-16 13:41:06 status unpacked libfreetype6:arm64 2.10.4+dfsg-1+deb11u1
2023-05-16 13:41:06 status half-configured libfreetype6:arm64 2.10.4+dfsg-1+deb11u1
2023-05-16 13:41:06 status installed libfreetype6:arm64 2.10.4+dfsg-1+deb11u1
2023-05-16 13:41:06 configure libgdbm-compat4:arm64 1.19-2 <none>
2023-05-16 13:41:06 status unpacked libgdbm-compat4:arm64 1.19-2
2023-05-16 13:41:06 status half-configured libgdbm-compat4:arm64 1.19-2
2023-05-16 13:41:06 status installed libgdbm-compat4:arm64 1.19-2
2023-05-16 13:41:06 configure ucf:all 3.0043 <none>
2023-05-16 13:41:06 status unpacked ucf:all 3.0043
2023-05-16 13:41:06 status half-configured ucf:all 3.0043
2023-05-16 13:41:11 status installed ucf:all 3.0043
2023-05-16 13:41:12 configure libperl5.32:arm64 5.32.1-4+deb11u2 <none>
2023-05-16 13:41:12 status unpacked libperl5.32:arm64 5.32.1-4+deb11u2
2023-05-16 13:41:12 status half-configured libperl5.32:arm64 5.32.1-4+deb11u2
2023-05-16 13:41:12 status installed libperl5.32:arm64 5.32.1-4+deb11u2
2023-05-16 13:41:12 configure procps:arm64 2:3.3.17-5 <none>
2023-05-16 13:41:12 status unpacked procps:arm64 2:3.3.17-5
2023-05-16 13:41:12 status half-configured procps:arm64 2:3.3.17-5
2023-05-16 13:41:13 status installed procps:arm64 2:3.3.17-5
2023-05-16 13:41:13 configure gpgconf:arm64 2.2.27-2+deb11u2 <none>
2023-05-16 13:41:13 status unpacked gpgconf:arm64 2.2.27-2+deb11u2
2023-05-16 13:41:13 status half-configured gpgconf:arm64 2.2.27-2+deb11u2
2023-05-16 13:41:13 status installed gpgconf:arm64 2.2.27-2+deb11u2
2023-05-16 13:41:13 configure libcurl4:arm64 7.74.0-1.3+deb11u7 <none>
2023-05-16 13:41:13 status unpacked libcurl4:arm64 7.74.0-1.3+deb11u7
2023-05-16 13:41:13 status half-configured libcurl4:arm64 7.74.0-1.3+deb11u7
2023-05-16 13:41:13 status installed libcurl4:arm64 7.74.0-1.3+deb11u7
2023-05-16 13:41:13 configure curl:arm64 7.74.0-1.3+deb11u7 <none>
2023-05-16 13:41:13 status unpacked curl:arm64 7.74.0-1.3+deb11u7
2023-05-16 13:41:13 status half-configured curl:arm64 7.74.0-1.3+deb11u7
2023-05-16 13:41:13 status installed curl:arm64 7.74.0-1.3+deb11u7
2023-05-16 13:41:13 configure gpg:arm64 2.2.27-2+deb11u2 <none>
2023-05-16 13:41:13 status unpacked gpg:arm64 2.2.27-2+deb11u2
2023-05-16 13:41:13 status half-configured gpg:arm64 2.2.27-2+deb11u2
2023-05-16 13:41:13 status installed gpg:arm64 2.2.27-2+deb11u2
2023-05-16 13:41:13 configure gnupg-utils:arm64 2.2.27-2+deb11u2 <none>
2023-05-16 13:41:13 status unpacked gnupg-utils:arm64 2.2.27-2+deb11u2
2023-05-16 13:41:13 status half-configured gnupg-utils:arm64 2.2.27-2+deb11u2
2023-05-16 13:41:13 status installed gnupg-utils:arm64 2.2.27-2+deb11u2
2023-05-16 13:41:13 configure gpg-agent:arm64 2.2.27-2+deb11u2 <none>
2023-05-16 13:41:13 status unpacked gpg-agent:arm64 2.2.27-2+deb11u2
2023-05-16 13:41:13 status half-configured gpg-agent:arm64 2.2.27-2+deb11u2
2023-05-16 13:41:19 status installed gpg-agent:arm64 2.2.27-2+deb11u2
2023-05-16 13:41:19 configure fontconfig-config:all 2.13.1-4.2 <none>
2023-05-16 13:41:19 status unpacked fontconfig-config:all 2.13.1-4.2
2023-05-16 13:41:19 status half-configured fontconfig-config:all 2.13.1-4.2
2023-05-16 13:41:24 status installed fontconfig-config:all 2.13.1-4.2
2023-05-16 13:41:24 configure openssh-client:arm64 1:8.4p1-5+deb11u1 <none>
2023-05-16 13:41:24 status unpacked openssh-client:arm64 1:8.4p1-5+deb11u1
2023-05-16 13:41:24 status half-configured openssh-client:arm64 1:8.4p1-5+deb11u1
2023-05-16 13:41:26 status installed openssh-client:arm64 1:8.4p1-5+deb11u1
2023-05-16 13:41:26 configure gpgsm:arm64 2.2.27-2+deb11u2 <none>
2023-05-16 13:41:26 status unpacked gpgsm:arm64 2.2.27-2+deb11u2
2023-05-16 13:41:26 status half-configured gpgsm:arm64 2.2.27-2+deb11u2
2023-05-16 13:41:26 status installed gpgsm:arm64 2.2.27-2+deb11u2
2023-05-16 13:41:26 configure dirmngr:arm64 2.2.27-2+deb11u2 <none>
2023-05-16 13:41:26 status unpacked dirmngr:arm64 2.2.27-2+deb11u2
2023-05-16 13:41:26 status half-configured dirmngr:arm64 2.2.27-2+deb11u2
2023-05-16 13:41:28 status installed dirmngr:arm64 2.2.27-2+deb11u2
2023-05-16 13:41:28 configure perl:arm64 5.32.1-4+deb11u2 <none>
2023-05-16 13:41:28 status unpacked perl:arm64 5.32.1-4+deb11u2
2023-05-16 13:41:28 status half-configured perl:arm64 5.32.1-4+deb11u2
2023-05-16 13:41:28 status installed perl:arm64 5.32.1-4+deb11u2
2023-05-16 13:41:28 configure gpg-wks-server:arm64 2.2.27-2+deb11u2 <none>
2023-05-16 13:41:28 status unpacked gpg-wks-server:arm64 2.2.27-2+deb11u2
2023-05-16 13:41:28 status half-configured gpg-wks-server:arm64 2.2.27-2+deb11u2
2023-05-16 13:41:28 status installed gpg-wks-server:arm64 2.2.27-2+deb11u2
2023-05-16 13:41:28 configure libfontconfig1:arm64 2.13.1-4.2 <none>
2023-05-16 13:41:28 status unpacked libfontconfig1:arm64 2.13.1-4.2
2023-05-16 13:41:28 status half-configured libfontconfig1:arm64 2.13.1-4.2
2023-05-16 13:41:28 status installed libfontconfig1:arm64 2.13.1-4.2
2023-05-16 13:41:28 configure gpg-wks-client:arm64 2.2.27-2+deb11u2 <none>
2023-05-16 13:41:28 status unpacked gpg-wks-client:arm64 2.2.27-2+deb11u2
2023-05-16 13:41:28 status half-configured gpg-wks-client:arm64 2.2.27-2+deb11u2
2023-05-16 13:41:28 status installed gpg-wks-client:arm64 2.2.27-2+deb11u2
2023-05-16 13:41:28 configure liberror-perl:all 0.17029-1 <none>
2023-05-16 13:41:28 status unpacked liberror-perl:all 0.17029-1
2023-05-16 13:41:28 status half-configured liberror-perl:all 0.17029-1
2023-05-16 13:41:28 status installed liberror-perl:all 0.17029-1
2023-05-16 13:41:28 configure git:arm64 1:2.30.2-1+deb11u2 <none>
2023-05-16 13:41:28 status unpacked git:arm64 1:2.30.2-1+deb11u2
2023-05-16 13:41:28 status half-configured git:arm64 1:2.30.2-1+deb11u2
2023-05-16 13:41:29 status installed git:arm64 1:2.30.2-1+deb11u2
2023-05-16 13:41:29 configure gnupg:all 2.2.27-2+deb11u2 <none>
2023-05-16 13:41:29 status unpacked gnupg:all 2.2.27-2+deb11u2
2023-05-16 13:41:29 status half-configured gnupg:all 2.2.27-2+deb11u2
2023-05-16 13:41:29 status installed gnupg:all 2.2.27-2+deb11u2
2023-05-16 13:41:29 trigproc libc-bin:arm64 2.31-13+deb11u6 <none>
2023-05-16 13:41:29 status half-configured libc-bin:arm64 2.31-13+deb11u6
2023-05-16 13:41:29 status installed libc-bin:arm64 2.31-13+deb11u6
2023-05-16 13:41:29 trigproc ca-certificates:all 20210119 <none>
2023-05-16 13:41:29 status half-configured ca-certificates:all 20210119
2023-05-16 13:41:43 status installed ca-certificates:all 20210119
2023-05-16 13:42:09 startup archives unpack
2023-05-16 13:42:09 install apt-transport-https:all <none> 2.2.4
2023-05-16 13:42:09 status half-installed apt-transport-https:all 2.2.4
2023-05-16 13:42:09 status unpacked apt-transport-https:all 2.2.4
2023-05-16 13:42:09 startup packages configure
2023-05-16 13:42:09 configure apt-transport-https:all 2.2.4 <none>
2023-05-16 13:42:09 status unpacked apt-transport-https:all 2.2.4
2023-05-16 13:42:09 status half-configured apt-transport-https:all 2.2.4
2023-05-16 13:42:09 status installed apt-transport-https:all 2.2.4
2023-05-16 13:42:34 startup archives unpack
2023-05-16 13:42:34 install git-lfs:arm64 <none> 3.3.0
2023-05-16 13:42:34 status half-installed git-lfs:arm64 3.3.0
2023-05-16 13:42:36 status unpacked git-lfs:arm64 3.3.0
2023-05-16 13:42:37 startup packages configure
2023-05-16 13:42:37 configure git-lfs:arm64 3.3.0 <none>
2023-05-16 13:42:37 status unpacked git-lfs:arm64 3.3.0
2023-05-16 13:42:37 status half-configured git-lfs:arm64 3.3.0
2023-05-16 13:42:37 status installed git-lfs:arm64 3.3.0
