Started at Sun May 21 09:57:04 UTC 2023
Processing My First Job
Offering My First Job to Project Build Discarder
Finished at Sun May 21 09:57:04 UTC 2023. 62ms
Started at Sun May 21 11:00:30 UTC 2023
Processing My First Job
Offering My First Job to Project Build Discarder
Processing My Pipeline
Offering My Pipeline to Project Build Discarder
Processing Testing
Offering Testing to Project Build Discarder
Finished at Sun May 21 11:00:30 UTC 2023. 29ms
Started at Sun May 21 14:37:09 UTC 2023
Processing My First Job
Offering My First Job to Project Build Discarder
Processing My Pipeline
Offering My Pipeline to Project Build Discarder
Processing Python
Offering Python to Project Build Discarder
Finished at Sun May 21 14:37:09 UTC 2023. 37ms
Started at Sun May 21 16:34:14 UTC 2023
Processing My First Job
Offering My First Job to Project Build Discarder
Processing My Pipeline
Offering My Pipeline to Project Build Discarder
Processing Python
Offering Python to Project Build Discarder
Finished at Sun May 21 16:34:14 UTC 2023. 45ms
